Build started 4/13/2011 8:24:48 PM.
     1>Project "C:\Documents and Settings\localmgr\My Documents\CSSE376\BEER\Beer\BeerTest\BeerTest\BeerTest.vcxproj" on node 3 (build target(s)).
     1>InitializeBuildStatus:
         Creating "Debug\BeerTest.unsuccessfulbuild" because "AlwaysCreate" was specified.
       ClCompile:
         C:\Program Files\Microsoft Visual Studio 10.0\VC\bin\CL.exe /c /I"C:\Documents and Settings\localmgr\My Documents\CSSE376\BEER\Beer" /I"C:\Documents and Settings\localmgr\Desktop\winunit\Include" /ZI /nologo /W3 /WX- /Od /Oy- /D _WINDLL /D _MBCS /Gm /EHsc /RTC1 /MDd /GS /fp:precise /Zc:wchar_t /Zc:forScope /Fo"Debug\\" /Fd"Debug\vc100.pdb" /Gd /TP /analyze- /errorReport:prompt GameTest.cpp LauncherTest.cpp PlayerTest.cpp ViewTest.cpp
         ViewTest.cpp
         PlayerTest.cpp
         LauncherTest.cpp
         GameTest.cpp
         Generating Code...
       Link:
         C:\Program Files\Microsoft Visual Studio 10.0\VC\bin\link.exe /ERRORREPORT:PROMPT /OUT:"C:\Documents and Settings\localmgr\My Documents\CSSE376\BEER\Beer\BeerTest\Debug\BeerTest.dll" /NOLOGO kernel32.lib user32.lib gdi32.lib winspool.lib comdlg32.lib advapi32.lib shell32.lib ole32.lib oleaut32.lib uuid.lib odbc32.lib odbccp32.lib /MANIFEST /ManifestFile:"Debug\BeerTest.dll.intermediate.manifest" /MANIFESTUAC:"level='asInvoker' uiAccess='false'" /DEBUG /PDB:"C:\Documents and Settings\localmgr\My Documents\CSSE376\BEER\Beer\BeerTest\Debug\BeerTest.pdb" /TLBID:1 /DYNAMICBASE /NXCOMPAT /IMPLIB:"C:\Documents and Settings\localmgr\My Documents\CSSE376\BEER\Beer\BeerTest\Debug\BeerTest.lib" /MACHINE:X86 /DLL Debug\GameTest.obj
         Debug\ItemTest.obj
         Debug\LauncherTest.obj
         Debug\PlayerTest.obj
         Debug\RegionTest.obj
         Debug\ViewTest.obj
         "C:\Documents and Settings\localmgr\My Documents\CSSE376\BEER\Beer\BeerTest\Debug\Beer.lib"
         LINK : C:\Documents and Settings\localmgr\My Documents\CSSE376\BEER\Beer\BeerTest\Debug\BeerTest.dll not found or not built by the last incremental link; performing full link
     1>LauncherTest.obj : error LNK2005: _TEST_ItemTest already defined in ItemTest.obj
            Creating library C:\Documents and Settings\localmgr\My Documents\CSSE376\BEER\Beer\BeerTest\Debug\BeerTest.lib and object C:\Documents and Settings\localmgr\My Documents\CSSE376\BEER\Beer\BeerTest\Debug\BeerTest.exp
     1>LauncherTest.obj : error LNK2019: unresolved external symbol "public: __thiscall Launcher::Launcher(void)" (??0Launcher@@QAE@XZ) referenced in function _TEST_ItemTest
     1>C:\Documents and Settings\localmgr\My Documents\CSSE376\BEER\Beer\BeerTest\Debug\BeerTest.dll : fatal error LNK1120: 1 unresolved externals
     1>Done Building Project "C:\Documents and Settings\localmgr\My Documents\CSSE376\BEER\Beer\BeerTest\BeerTest\BeerTest.vcxproj" (build target(s)) -- FAILED.

Build FAILED.

Time Elapsed 00:00:01.90
